   ▲ Next.js 15.5.2
   - Environments: .env.local

   Creating an optimized production build ...
Failed to compile.

./src/lib/supabase/client.ts
Module not found: Can't resolve '@supabase/ssr'

https://nextjs.org/docs/messages/module-not-found

Import trace for requested module:
./src/app/(auth)/login/page.tsx

./src/app/auth/sign-in/page.tsx
Error:   [31mx[0m Unexpected token. Did you mean `{'}'}` or `&rbrace;`?
    ,-[[36;1;4mC:\Users\Arch.Alex\Desktop\imaralink\src\app\auth\sign-in\page.tsx[0m:84:1]
 [2m81[0m |       </form>
 [2m82[0m |     </main>
 [2m83[0m |   );
 [2m84[0m | }
    : [35;1m^[0m
 [2m85[0m | 
 [2m86[0m | 
 [2m86[0m | 
    `----
  [31mx[0m Unexpected eof
    ,-[[36;1;4mC:\Users\Arch.Alex\Desktop\imaralink\src\app\auth\sign-in\page.tsx[0m:88:3]
 [2m86[0m | 
 [2m87[0m | 
 [2m88[0m | 
    `----

Caused by:
    Syntax Error

Import trace for requested module:
./src/app/auth/sign-in/page.tsx


> Build failed because of webpack errors
