Vercel CLI 48.1.6
> [debug] [2025-09-28T15:42:55.566Z] user supplied known subcommand: "build"
> [debug] [2025-09-28T15:42:55.715Z] Found ".git\config" - detected "C:\Users\Arch.Alex\Desktop\imaralink" as repo root
WARN! Build not running on Vercel. System environment variables will not be available.
> [debug] [2025-09-28T15:42:55.723Z] Failed loading environment variables: Error: ENOENT: no such file or directory, open 'C:\Users\Arch.Alex\Desktop\imaralink\.vercel\.env.preview.local'
> [debug] [2025-09-28T15:42:55.746Z] Locating files C:\Users\Arch.Alex\Desktop\imaralink
> [debug] [2025-09-28T15:42:55.747Z] Ignoring C:\Users\Arch.Alex\Desktop\imaralink\.env.local
> [debug] [2025-09-28T15:42:55.748Z] Ignoring C:\Users\Arch.Alex\Desktop\imaralink\.git
> [debug] [2025-09-28T15:42:55.748Z] Ignoring C:\Users\Arch.Alex\Desktop\imaralink\.gitignore
> [debug] [2025-09-28T15:42:55.748Z] Ignoring C:\Users\Arch.Alex\Desktop\imaralink\.next
> [debug] [2025-09-28T15:42:55.748Z] Ignoring C:\Users\Arch.Alex\Desktop\imaralink\.vercel
> [debug] [2025-09-28T15:42:55.749Z] Ignoring C:\Users\Arch.Alex\Desktop\imaralink\node_modules
> [debug] [2025-09-28T15:42:55.755Z] Locating files C:\Users\Arch.Alex\Desktop\imaralink [9ms]
> [debug] [2025-09-28T15:42:58.770Z] Imported Builder "@vercel/static-build" from "C:\Users\Arch.Alex\AppData\Roaming\npm\node_modules\vercel\node_modules\@vercel\static-build"
> [debug] [2025-09-28T15:42:58.786Z] Setting env VERCEL_PROJECT_SETTINGS_NODE_VERSION to "22.x"
> [debug] [2025-09-28T15:42:58.786Z] Building entrypoint "package.json" with "@vercel/static-build"
Detected `pnpm-lock.yaml` 9 which may be generated by pnpm@9.x or pnpm@10.x
Using pnpm@10.x based on project creation date
To use pnpm@9.x, manually opt in using corepack (https://vercel.com/docs/deployments/configure-a-build#corepack)
Installing dependencies...
 ERR_PNPM_OUTDATED_LOCKFILE  Cannot install with "frozen-lockfile" because pnpm-lock.yaml is not up to date with <ROOT>\package.json

Note that in CI environments this setting is true by default. If you still need to run install in such cases, use "pnpm install --no-frozen-lockfile"

  Failure reason:
  specifiers in the lockfile don't match specifiers in package.json:
* 2 dependencies were added: autoprefixer@^10.4.21, postcss@^8.5.6
* 1 dependencies are mismatched:
  - tailwindcss (lockfile: 4, manifest: ^4.1.13)

Error: Command "pnpm install" exited with 1
> [debug] [2025-09-28T15:43:01.033Z] Vercel CLI 48.1.6

> [debug] [2025-09-28T15:43:02.105Z] Telemetry event tracked
> [debug] [2025-09-28T15:43:02.747Z] Telemetry subprocess killed due to timeout
> [debug] [2025-09-28T15:43:02.761Z] Telemetry subprocess exited with code null
